# JRE version: Java(TM) SE Runtime Environment (17.0.2+8) (build 17.0.2+8-LTS-86)
# Java VM: Java HotSpot(TM) 64-Bit Server VM (17.0.2+8-LTS-86, mixed mode, sharing, tiered, compressed oops, compressed class ptrs, g1 gc, windows-amd64)
GC Precious Log:
 CPUs: 8 total, 8 available
 Memory: 16029M
 Large Page Support: Disabled
 NUMA Support: Disabled
 Compressed Oops: Enabled (32-bit)
 Heap Region Size: 1M
 Heap Min Capacity: 256M
 Heap Initial Capacity: 256M
 Heap Max Capacity: 512M
 Pre-touch: Disabled
 Parallel Workers: 8
 Concurrent Workers: 2
 Concurrent Refinement Workers: 8
 Periodic GC: Disabled
Heap:
 garbage-first heap   total 262144K, used 104770K [0x00000000e0000000, 0x0000000100000000)
  region size 1024K, 75 young (76800K), 16 survivors (16384K)
 Metaspace       used 53654K, committed 54144K, reserved 364544K
  class space    used 7438K, committed 7680K, reserved 315392K
GC Heap History (12 events):
Event: 2.346 GC heap before
{Heap before GC invocations=0 (full 0):
 garbage-first heap   total 262144K, used 26624K [0x00000000e0000000, 0x0000000100000000)
  region size 1024K, 23 young (23552K), 0 survivors (0K)
 Metaspace       used 3058K, committed 3200K, reserved 323584K
  class space    used 387K, committed 448K, reserved 315392K
}
Event: 2.384 GC heap after
{Heap after GC invocations=1 (full 0):
 garbage-first heap   total 262144K, used 10555K [0x00000000e0000000, 0x0000000100000000)
  region size 1024K, 3 young (3072K), 3 survivors (3072K)
 Metaspace       used 3058K, committed 3200K, reserved 323584K
  class space    used 387K, committed 448K, reserved 315392K
}
Event: 4.266 GC heap before
{Heap before GC invocations=1 (full 0):
 garbage-first heap   total 262144K, used 36155K [0x00000000e0000000, 0x0000000100000000)
  region size 1024K, 28 young (28672K), 3 survivors (3072K)
 Metaspace       used 4028K, committed 4160K, reserved 323584K
  class space    used 492K, committed 576K, reserved 315392K
}
Event: 4.270 GC heap after
{Heap after GC invocations=2 (full 0):
 garbage-first heap   total 262144K, used 11572K [0x00000000e0000000, 0x0000000100000000)
  region size 1024K, 1 young (1024K), 1 survivors (1024K)
 Metaspace       used 4028K, committed 4160K, reserved 323584K
  class space    used 492K, committed 576K, reserved 315392K
}
Event: 13.313 GC heap before
{Heap before GC invocations=2 (full 0):
 garbage-first heap   total 262144K, used 133428K [0x00000000e0000000, 0x0000000100000000)
  region size 1024K, 121 young (123904K), 1 survivors (1024K)
 Metaspace       used 21229K, committed 21504K, reserved 339968K
  class space    used 3124K, committed 3264K, reserved 315392K
}
Event: 13.329 GC heap after
{Heap after GC invocations=3 (full 0):
 garbage-first heap   total 262144K, used 22618K [0x00000000e0000000, 0x0000000100000000)
  region size 1024K, 12 young (12288K), 12 survivors (12288K)
 Metaspace       used 21229K, committed 21504K, reserved 339968K
  class space    used 3124K, committed 3264K, reserved 315392K
}
Event: 25.248 GC heap before
{Heap before GC invocations=4 (full 0):
 garbage-first heap   total 262144K, used 140378K [0x00000000e0000000, 0x0000000100000000)
  region size 1024K, 124 young (126976K), 12 survivors (12288K)
 Metaspace       used 35599K, committed 35968K, reserved 348160K
  class space    used 4976K, committed 5184K, reserved 315392K
}
Event: 25.269 GC heap after
{Heap after GC invocations=5 (full 0):
 garbage-first heap   total 262144K, used 31744K [0x00000000e0000000, 0x0000000100000000)
  region size 1024K, 10 young (10240K), 10 survivors (10240K)
 Metaspace       used 35599K, committed 35968K, reserved 348160K
  class space    used 4976K, committed 5184K, reserved 315392K
}
Event: 41.926 GC heap before
{Heap before GC invocations=6 (full 0):
 garbage-first heap   total 262144K, used 179200K [0x00000000e0000000, 0x0000000100000000)
  region size 1024K, 153 young (156672K), 10 survivors (10240K)
 Metaspace       used 48145K, committed 48704K, reserved 364544K
  class space    used 6905K, committed 7168K, reserved 315392K
}
Event: 41.948 GC heap after
{Heap after GC invocations=7 (full 0):
 garbage-first heap   total 262144K, used 40417K [0x00000000e0000000, 0x0000000100000000)
  region size 1024K, 18 young (18432K), 18 survivors (18432K)
 Metaspace       used 48145K, committed 48704K, reserved 364544K
  class space    used 6905K, committed 7168K, reserved 315392K
}
Event: 92.680 GC heap before
{Heap before GC invocations=7 (full 0):
 garbage-first heap   total 262144K, used 177633K [0x00000000e0000000, 0x0000000100000000)
  region size 1024K, 153 young (156672K), 18 survivors (18432K)
 Metaspace       used 52969K, committed 53504K, reserved 364544K
  class space    used 7407K, committed 7680K, reserved 315392K
}
Event: 92.723 GC heap after
{Heap after GC invocations=8 (full 0):
 garbage-first heap   total 262144K, used 46402K [0x00000000e0000000, 0x0000000100000000)
  region size 1024K, 16 young (16384K), 16 survivors (16384K)
 Metaspace       used 52969K, committed 53504K, reserved 364544K
  class space    used 7407K, committed 7680K, reserved 315392K
}

