# JRE version: Java(TM) SE Runtime Environment (17.0.2+8) (build 17.0.2+8-LTS-86)
# Java VM: Java HotSpot(TM) 64-Bit Server VM (17.0.2+8-LTS-86, mixed mode, sharing, tiered, compressed oops, compressed class ptrs, g1 gc, windows-amd64)
GC Precious Log:
 CPUs: 8 total, 8 available
 Memory: 16029M
 Large Page Support: Disabled
 NUMA Support: Disabled
 Compressed Oops: Enabled (32-bit)
 Heap Region Size: 1M
 Heap Min Capacity: 256M
 Heap Initial Capacity: 256M
 Heap Max Capacity: 512M
 Pre-touch: Disabled
 Parallel Workers: 8
 Concurrent Workers: 2
 Concurrent Refinement Workers: 8
 Periodic GC: Disabled
Heap:
 garbage-first heap   total 262144K, used 166040K [0x00000000e0000000, 0x0000000100000000)
  region size 1024K, 120 young (122880K), 6 survivors (6144K)
 Metaspace       used 55610K, committed 56256K, reserved 364544K
  class space    used 7519K, committed 7808K, reserved 315392K
GC Heap History (20 events):
Event: 2.143 GC heap before
{Heap before GC invocations=1 (full 0):
 garbage-first heap   total 262144K, used 38255K [0x00000000e0000000, 0x0000000100000000)
  region size 1024K, 30 young (30720K), 3 survivors (3072K)
 Metaspace       used 4036K, committed 4224K, reserved 323584K
  class space    used 492K, committed 576K, reserved 315392K
}
Event: 2.147 GC heap after
{Heap after GC invocations=2 (full 0):
 garbage-first heap   total 262144K, used 11503K [0x00000000e0000000, 0x0000000100000000)
  region size 1024K, 1 young (1024K), 1 survivors (1024K)
 Metaspace       used 4036K, committed 4224K, reserved 323584K
  class space    used 492K, committed 576K, reserved 315392K
}
Event: 5.580 GC heap before
{Heap before GC invocations=2 (full 0):
 garbage-first heap   total 262144K, used 132335K [0x00000000e0000000, 0x0000000100000000)
  region size 1024K, 120 young (122880K), 1 survivors (1024K)
 Metaspace       used 21272K, committed 21504K, reserved 339968K
  class space    used 3140K, committed 3264K, reserved 315392K
}
Event: 5.597 GC heap after
{Heap after GC invocations=3 (full 0):
 garbage-first heap   total 262144K, used 22383K [0x00000000e0000000, 0x0000000100000000)
  region size 1024K, 12 young (12288K), 12 survivors (12288K)
 Metaspace       used 21272K, committed 21504K, reserved 339968K
  class space    used 3140K, committed 3264K, reserved 315392K
}
Event: 7.737 GC heap before
{Heap before GC invocations=4 (full 0):
 garbage-first heap   total 262144K, used 139119K [0x00000000e0000000, 0x0000000100000000)
  region size 1024K, 123 young (125952K), 12 survivors (12288K)
 Metaspace       used 35573K, committed 35968K, reserved 348160K
  class space    used 4989K, committed 5184K, reserved 315392K
}
Event: 7.748 GC heap after
{Heap after GC invocations=5 (full 0):
 garbage-first heap   total 262144K, used 31719K [0x00000000e0000000, 0x0000000100000000)
  region size 1024K, 10 young (10240K), 10 survivors (10240K)
 Metaspace       used 35573K, committed 35968K, reserved 348160K
  class space    used 4989K, committed 5184K, reserved 315392K
}
Event: 7.797 GC heap before
{Heap before GC invocations=5 (full 0):
 garbage-first heap   total 262144K, used 33767K [0x00000000e0000000, 0x0000000100000000)
  region size 1024K, 12 young (12288K), 10 survivors (10240K)
 Metaspace       used 35899K, committed 36224K, reserved 348160K
  class space    used 5033K, committed 5184K, reserved 315392K
}
Event: 7.803 GC heap after
{Heap after GC invocations=6 (full 0):
 garbage-first heap   total 262144K, used 31757K [0x00000000e0000000, 0x0000000100000000)
  region size 1024K, 2 young (2048K), 2 survivors (2048K)
 Metaspace       used 35899K, committed 36224K, reserved 348160K
  class space    used 5033K, committed 5184K, reserved 315392K
}
Event: 7.815 GC heap before
{Heap before GC invocations=6 (full 0):
 garbage-first heap   total 262144K, used 31757K [0x00000000e0000000, 0x0000000100000000)
  region size 1024K, 3 young (3072K), 2 survivors (2048K)
 Metaspace       used 35959K, committed 36288K, reserved 348160K
  class space    used 5035K, committed 5184K, reserved 315392K
}
Event: 7.816 GC heap after
{Heap after GC invocations=7 (full 0):
 garbage-first heap   total 262144K, used 30791K [0x00000000e0000000, 0x0000000100000000)
  region size 1024K, 1 young (1024K), 1 survivors (1024K)
 Metaspace       used 35959K, committed 36288K, reserved 348160K
  class space    used 5035K, committed 5184K, reserved 315392K
}
Event: 11.530 GC heap before
{Heap before GC invocations=8 (full 0):
 garbage-first heap   total 262144K, used 187463K [0x00000000e0000000, 0x0000000100000000)
  region size 1024K, 153 young (156672K), 1 survivors (1024K)
 Metaspace       used 50134K, committed 50624K, reserved 364544K
  class space    used 7178K, committed 7424K, reserved 315392K
}
Event: 11.538 GC heap after
{Heap after GC invocations=9 (full 0):
 garbage-first heap   total 262144K, used 40590K [0x00000000e0000000, 0x0000000100000000)
  region size 1024K, 10 young (10240K), 10 survivors (10240K)
 Metaspace       used 50134K, committed 50624K, reserved 364544K
  class space    used 7178K, committed 7424K, reserved 315392K
}
Event: 11.557 GC heap before
{Heap before GC invocations=9 (full 0):
 garbage-first heap   total 262144K, used 42638K [0x00000000e0000000, 0x0000000100000000)
  region size 1024K, 12 young (12288K), 10 survivors (10240K)
 Metaspace       used 50219K, committed 50688K, reserved 364544K
  class space    used 7188K, committed 7424K, reserved 315392K
}
Event: 11.565 GC heap after
{Heap after GC invocations=10 (full 0):
 garbage-first heap   total 262144K, used 41570K [0x00000000e0000000, 0x0000000100000000)
  region size 1024K, 2 young (2048K), 2 survivors (2048K)
 Metaspace       used 50219K, committed 50688K, reserved 364544K
  class space    used 7188K, committed 7424K, reserved 315392K
}
Event: 41.374 GC heap before
{Heap before GC invocations=10 (full 0):
 garbage-first heap   total 262144K, used 195170K [0x00000000e0000000, 0x0000000100000000)
  region size 1024K, 153 young (156672K), 2 survivors (2048K)
 Metaspace       used 53395K, committed 53952K, reserved 364544K
  class space    used 7470K, committed 7744K, reserved 315392K
}
Event: 41.382 GC heap after
{Heap after GC invocations=11 (full 0):
 garbage-first heap   total 262144K, used 50025K [0x00000000e0000000, 0x0000000100000000)
  region size 1024K, 10 young (10240K), 10 survivors (10240K)
 Metaspace       used 53395K, committed 53952K, reserved 364544K
  class space    used 7470K, committed 7744K, reserved 315392K
}
Event: 48.821 GC heap before
{Heap before GC invocations=11 (full 0):
 garbage-first heap   total 262144K, used 195433K [0x00000000e0000000, 0x0000000100000000)
  region size 1024K, 153 young (156672K), 10 survivors (10240K)
 Metaspace       used 54574K, committed 55168K, reserved 364544K
  class space    used 7500K, committed 7808K, reserved 315392K
}
Event: 48.828 GC heap after
{Heap after GC invocations=12 (full 0):
 garbage-first heap   total 262144K, used 53881K [0x00000000e0000000, 0x0000000100000000)
  region size 1024K, 14 young (14336K), 14 survivors (14336K)
 Metaspace       used 54574K, committed 55168K, reserved 364544K
  class space    used 7500K, committed 7808K, reserved 315392K
}
Event: 60.248 GC heap before
{Heap before GC invocations=12 (full 0):
 garbage-first heap   total 262144K, used 195193K [0x00000000e0000000, 0x0000000100000000)
  region size 1024K, 153 young (156672K), 14 survivors (14336K)
 Metaspace       used 55303K, committed 55936K, reserved 364544K
  class space    used 7506K, committed 7808K, reserved 315392K
}
Event: 60.255 GC heap after
{Heap after GC invocations=13 (full 0):
 garbage-first heap   total 262144K, used 51352K [0x00000000e0000000, 0x0000000100000000)
  region size 1024K, 6 young (6144K), 6 survivors (6144K)
 Metaspace       used 55303K, committed 55936K, reserved 364544K
  class space    used 7506K, committed 7808K, reserved 315392K
}

