# JRE version: Java(TM) SE Runtime Environment (17.0.2+8) (build 17.0.2+8-LTS-86)
# Java VM: Java HotSpot(TM) 64-Bit Server VM (17.0.2+8-LTS-86, mixed mode, sharing, tiered, compressed oops, compressed class ptrs, g1 gc, windows-amd64)
GC Precious Log:
 CPUs: 8 total, 8 available
 Memory: 16029M
 Large Page Support: Disabled
 NUMA Support: Disabled
 Compressed Oops: Enabled (32-bit)
 Heap Region Size: 1M
 Heap Min Capacity: 256M
 Heap Initial Capacity: 256M
 Heap Max Capacity: 512M
 Pre-touch: Disabled
 Parallel Workers: 8
 Concurrent Workers: 2
 Concurrent Refinement Workers: 8
 Periodic GC: Disabled
Heap:
 garbage-first heap   total 262144K, used 119147K [0x00000000e0000000, 0x0000000100000000)
  region size 1024K, 80 young (81920K), 2 survivors (2048K)
 Metaspace       used 51867K, committed 52416K, reserved 364544K
  class space    used 7292K, committed 7552K, reserved 315392K
GC Heap History (16 events):
Event: 0.975 GC heap before
{Heap before GC invocations=0 (full 0):
 garbage-first heap   total 262144K, used 26624K [0x00000000e0000000, 0x0000000100000000)
  region size 1024K, 23 young (23552K), 0 survivors (0K)
 Metaspace       used 3039K, committed 3200K, reserved 323584K
  class space    used 387K, committed 448K, reserved 315392K
}
Event: 0.980 GC heap after
{Heap after GC invocations=1 (full 0):
 garbage-first heap   total 262144K, used 10812K [0x00000000e0000000, 0x0000000100000000)
  region size 1024K, 3 young (3072K), 3 survivors (3072K)
 Metaspace       used 3039K, committed 3200K, reserved 323584K
  class space    used 387K, committed 448K, reserved 315392K
}
Event: 2.011 GC heap before
{Heap before GC invocations=1 (full 0):
 garbage-first heap   total 262144K, used 38460K [0x00000000e0000000, 0x0000000100000000)
  region size 1024K, 30 young (30720K), 3 survivors (3072K)
 Metaspace       used 4032K, committed 4224K, reserved 323584K
  class space    used 491K, committed 576K, reserved 315392K
}
Event: 2.014 GC heap after
{Heap after GC invocations=2 (full 0):
 garbage-first heap   total 262144K, used 11455K [0x00000000e0000000, 0x0000000100000000)
  region size 1024K, 1 young (1024K), 1 survivors (1024K)
 Metaspace       used 4032K, committed 4224K, reserved 323584K
  class space    used 491K, committed 576K, reserved 315392K
}
Event: 5.112 GC heap before
{Heap before GC invocations=2 (full 0):
 garbage-first heap   total 262144K, used 133311K [0x00000000e0000000, 0x0000000100000000)
  region size 1024K, 120 young (122880K), 1 survivors (1024K)
 Metaspace       used 21240K, committed 21504K, reserved 339968K
  class space    used 3141K, committed 3264K, reserved 315392K
}
Event: 5.121 GC heap after
{Heap after GC invocations=3 (full 0):
 garbage-first heap   total 262144K, used 22427K [0x00000000e0000000, 0x0000000100000000)
  region size 1024K, 12 young (12288K), 12 survivors (12288K)
 Metaspace       used 21240K, committed 21504K, reserved 339968K
  class space    used 3141K, committed 3264K, reserved 315392K
}
Event: 10.352 GC heap before
{Heap before GC invocations=4 (full 0):
 garbage-first heap   total 262144K, used 139163K [0x00000000e0000000, 0x0000000100000000)
  region size 1024K, 123 young (125952K), 12 survivors (12288K)
 Metaspace       used 35642K, committed 35968K, reserved 348160K
  class space    used 4989K, committed 5120K, reserved 315392K
}
Event: 10.362 GC heap after
{Heap after GC invocations=5 (full 0):
 garbage-first heap   total 262144K, used 31630K [0x00000000e0000000, 0x0000000100000000)
  region size 1024K, 10 young (10240K), 10 survivors (10240K)
 Metaspace       used 35642K, committed 35968K, reserved 348160K
  class space    used 4989K, committed 5120K, reserved 315392K
}
Event: 10.397 GC heap before
{Heap before GC invocations=5 (full 0):
 garbage-first heap   total 262144K, used 33678K [0x00000000e0000000, 0x0000000100000000)
  region size 1024K, 12 young (12288K), 10 survivors (10240K)
 Metaspace       used 35923K, committed 36288K, reserved 348160K
  class space    used 5039K, committed 5184K, reserved 315392K
}
Event: 10.403 GC heap after
{Heap after GC invocations=6 (full 0):
 garbage-first heap   total 262144K, used 31292K [0x00000000e0000000, 0x0000000100000000)
  region size 1024K, 1 young (1024K), 1 survivors (1024K)
 Metaspace       used 35923K, committed 36288K, reserved 348160K
  class space    used 5039K, committed 5184K, reserved 315392K
}
Event: 10.408 GC heap before
{Heap before GC invocations=6 (full 0):
 garbage-first heap   total 262144K, used 31292K [0x00000000e0000000, 0x0000000100000000)
  region size 1024K, 2 young (2048K), 1 survivors (1024K)
 Metaspace       used 35951K, committed 36288K, reserved 348160K
  class space    used 5043K, committed 5184K, reserved 315392K
}
Event: 10.409 GC heap after
{Heap after GC invocations=7 (full 0):
 garbage-first heap   total 262144K, used 30563K [0x00000000e0000000, 0x0000000100000000)
  region size 1024K, 1 young (1024K), 1 survivors (1024K)
 Metaspace       used 35951K, committed 36288K, reserved 348160K
  class space    used 5043K, committed 5184K, reserved 315392K
}
Event: 18.801 GC heap before
{Heap before GC invocations=8 (full 0):
 garbage-first heap   total 262144K, used 187235K [0x00000000e0000000, 0x0000000100000000)
  region size 1024K, 153 young (156672K), 1 survivors (1024K)
 Metaspace       used 49026K, committed 49536K, reserved 364544K
  class space    used 7060K, committed 7296K, reserved 315392K
}
Event: 18.813 GC heap after
{Heap after GC invocations=9 (full 0):
 garbage-first heap   total 262144K, used 40145K [0x00000000e0000000, 0x0000000100000000)
  region size 1024K, 10 young (10240K), 10 survivors (10240K)
 Metaspace       used 49026K, committed 49536K, reserved 364544K
  class space    used 7060K, committed 7296K, reserved 315392K
}
Event: 18.938 GC heap before
{Heap before GC invocations=9 (full 0):
 garbage-first heap   total 262144K, used 42193K [0x00000000e0000000, 0x0000000100000000)
  region size 1024K, 12 young (12288K), 10 survivors (10240K)
 Metaspace       used 49117K, committed 49600K, reserved 364544K
  class space    used 7073K, committed 7296K, reserved 315392K
}
Event: 18.948 GC heap after
{Heap after GC invocations=10 (full 0):
 garbage-first heap   total 262144K, used 41323K [0x00000000e0000000, 0x0000000100000000)
  region size 1024K, 2 young (2048K), 2 survivors (2048K)
 Metaspace       used 49117K, committed 49600K, reserved 364544K
  class space    used 7073K, committed 7296K, reserved 315392K
}

