# JRE version: Java(TM) SE Runtime Environment (17.0.2+8) (build 17.0.2+8-LTS-86)
# Java VM: Java HotSpot(TM) 64-Bit Server VM (17.0.2+8-LTS-86, mixed mode, sharing, tiered, compressed oops, compressed class ptrs, g1 gc, windows-amd64)
GC Precious Log:
 CPUs: 8 total, 8 available
 Memory: 16029M
 Large Page Support: Disabled
 NUMA Support: Disabled
 Compressed Oops: Enabled (32-bit)
 Heap Region Size: 1M
 Heap Min Capacity: 256M
 Heap Initial Capacity: 256M
 Heap Max Capacity: 512M
 Pre-touch: Disabled
 Parallel Workers: 8
 Concurrent Workers: 2
 Concurrent Refinement Workers: 8
 Periodic GC: Disabled
Heap:
 garbage-first heap   total 262144K, used 179338K [0x00000000e0000000, 0x0000000100000000)
  region size 1024K, 148 young (151552K), 11 survivors (11264K)
 Metaspace       used 53354K, committed 54016K, reserved 364544K
  class space    used 7457K, committed 7808K, reserved 315392K
GC Heap History (16 events):
Event: 1.882 GC heap before
{Heap before GC invocations=0 (full 0):
 garbage-first heap   total 262144K, used 26624K [0x00000000e0000000, 0x0000000100000000)
  region size 1024K, 23 young (23552K), 0 survivors (0K)
 Metaspace       used 2971K, committed 3136K, reserved 323584K
  class space    used 377K, committed 448K, reserved 315392K
}
Event: 1.915 GC heap after
{Heap after GC invocations=1 (full 0):
 garbage-first heap   total 262144K, used 10864K [0x00000000e0000000, 0x0000000100000000)
  region size 1024K, 3 young (3072K), 3 survivors (3072K)
 Metaspace       used 2971K, committed 3136K, reserved 323584K
  class space    used 377K, committed 448K, reserved 315392K
}
Event: 2.977 GC heap before
{Heap before GC invocations=1 (full 0):
 garbage-first heap   total 262144K, used 38512K [0x00000000e0000000, 0x0000000100000000)
  region size 1024K, 30 young (30720K), 3 survivors (3072K)
 Metaspace       used 4018K, committed 4160K, reserved 323584K
  class space    used 491K, committed 576K, reserved 315392K
}
Event: 2.983 GC heap after
{Heap after GC invocations=2 (full 0):
 garbage-first heap   total 262144K, used 11652K [0x00000000e0000000, 0x0000000100000000)
  region size 1024K, 1 young (1024K), 1 survivors (1024K)
 Metaspace       used 4018K, committed 4160K, reserved 323584K
  class space    used 491K, committed 576K, reserved 315392K
}
Event: 9.943 GC heap before
{Heap before GC invocations=2 (full 0):
 garbage-first heap   total 262144K, used 128388K [0x00000000e0000000, 0x0000000100000000)
  region size 1024K, 115 young (117760K), 1 survivors (1024K)
 Metaspace       used 20757K, committed 21056K, reserved 339968K
  class space    used 3057K, committed 3200K, reserved 315392K
}
Event: 9.957 GC heap after
{Heap after GC invocations=3 (full 0):
 garbage-first heap   total 262144K, used 22928K [0x00000000e0000000, 0x0000000100000000)
  region size 1024K, 12 young (12288K), 12 survivors (12288K)
 Metaspace       used 20757K, committed 21056K, reserved 339968K
  class space    used 3057K, committed 3200K, reserved 315392K
}
Event: 10.029 GC heap before
{Heap before GC invocations=3 (full 0):
 garbage-first heap   total 262144K, used 28048K [0x00000000e0000000, 0x0000000100000000)
  region size 1024K, 18 young (18432K), 12 survivors (12288K)
 Metaspace       used 21259K, committed 21504K, reserved 339968K
  class space    used 3141K, committed 3264K, reserved 315392K
}
Event: 10.035 GC heap after
{Heap after GC invocations=4 (full 0):
 garbage-first heap   total 262144K, used 23399K [0x00000000e0000000, 0x0000000100000000)
  region size 1024K, 1 young (1024K), 1 survivors (1024K)
 Metaspace       used 21259K, committed 21504K, reserved 339968K
  class space    used 3141K, committed 3264K, reserved 315392K
}
Event: 16.848 GC heap before
{Heap before GC invocations=5 (full 0):
 garbage-first heap   total 262144K, used 141159K [0x00000000e0000000, 0x0000000100000000)
  region size 1024K, 113 young (115712K), 1 survivors (1024K)
 Metaspace       used 35609K, committed 35968K, reserved 348160K
  class space    used 4987K, committed 5184K, reserved 315392K
}
Event: 16.857 GC heap after
{Heap after GC invocations=6 (full 0):
 garbage-first heap   total 262144K, used 31525K [0x00000000e0000000, 0x0000000100000000)
  region size 1024K, 9 young (9216K), 9 survivors (9216K)
 Metaspace       used 35609K, committed 35968K, reserved 348160K
  class space    used 4987K, committed 5184K, reserved 315392K
}
Event: 17.076 GC heap before
{Heap before GC invocations=6 (full 0):
 garbage-first heap   total 262144K, used 33573K [0x00000000e0000000, 0x0000000100000000)
  region size 1024K, 12 young (12288K), 9 survivors (9216K)
 Metaspace       used 35934K, committed 36288K, reserved 348160K
  class space    used 5031K, committed 5184K, reserved 315392K
}
Event: 17.082 GC heap after
{Heap after GC invocations=7 (full 0):
 garbage-first heap   total 262144K, used 31570K [0x00000000e0000000, 0x0000000100000000)
  region size 1024K, 1 young (1024K), 1 survivors (1024K)
 Metaspace       used 35934K, committed 36288K, reserved 348160K
  class space    used 5031K, committed 5184K, reserved 315392K
}
Event: 17.204 GC heap before
{Heap before GC invocations=7 (full 0):
 garbage-first heap   total 262144K, used 33618K [0x00000000e0000000, 0x0000000100000000)
  region size 1024K, 4 young (4096K), 1 survivors (1024K)
 Metaspace       used 36255K, committed 36608K, reserved 348160K
  class space    used 5090K, committed 5248K, reserved 315392K
}
Event: 17.205 GC heap after
{Heap after GC invocations=8 (full 0):
 garbage-first heap   total 262144K, used 30802K [0x00000000e0000000, 0x0000000100000000)
  region size 1024K, 1 young (1024K), 1 survivors (1024K)
 Metaspace       used 36255K, committed 36608K, reserved 348160K
  class space    used 5090K, committed 5248K, reserved 315392K
}
Event: 30.170 GC heap before
{Heap before GC invocations=9 (full 0):
 garbage-first heap   total 262144K, used 187474K [0x00000000e0000000, 0x0000000100000000)
  region size 1024K, 153 young (156672K), 1 survivors (1024K)
 Metaspace       used 49207K, committed 49728K, reserved 364544K
  class space    used 7089K, committed 7360K, reserved 315392K
}
Event: 30.182 GC heap after
{Heap after GC invocations=10 (full 0):
 garbage-first heap   total 262144K, used 41098K [0x00000000e0000000, 0x0000000100000000)
  region size 1024K, 11 young (11264K), 11 survivors (11264K)
 Metaspace       used 49207K, committed 49728K, reserved 364544K
  class space    used 7089K, committed 7360K, reserved 315392K
}

